Build started 1/24/2015 9:08:00 PM.
     1>Project "C:\Users\pren0029\Desktop\New folder\Game-Jam-2015\Code\Don'tFuckUp\Don'tFuckUp\Don'tFuckUp.vcxproj" on node 2 (Build target(s)).
     1>ClCompile:
         C:\Program Files (x86)\Microsoft Visual Studio 12.0\VC\bin\CL.exe /c /ZI /nologo /W3 /WX- /sdl /Od /Oy- /D _MBCS /Gm /EHsc /RTC1 /MDd /GS /fp:precise /Zc:wchar_t /Zc:forScope /Fo"Debug\\" /Fd"Debug\vc120.pdb" /Gd /TP /analyze- /errorReport:prompt "..\..\Don'tFuckUp\Don'tFuckUp\DDRClone.cpp"
         DDRClone.cpp
     1>c:\users\pren0029\desktop\new folder\game-jam-2015\code\don'tfuckup\don'tfuckup\doorminigame.h(16): warning C4244: 'initializing' : conversion from 'float' to 'const int', possible loss of data
     1>c:\users\pren0029\desktop\new folder\game-jam-2015\code\don'tfuckup\don'tfuckup\ddrclone.cpp(41): warning C4018: '<' : signed/unsigned mismatch
     1>c:\users\pren0029\desktop\new folder\game-jam-2015\code\don'tfuckup\don'tfuckup\ddrclone.cpp(50): warning C4018: '<' : signed/unsigned mismatch
     1>c:\users\pren0029\desktop\new folder\game-jam-2015\code\don'tfuckup\don'tfuckup\ddrclone.cpp(58): warning C4018: '<' : signed/unsigned mismatch
     1>c:\users\pren0029\desktop\new folder\game-jam-2015\code\don'tfuckup\don'tfuckup\ddrclone.cpp(78): warning C4018: '<' : signed/unsigned mismatch
     1>c:\users\pren0029\desktop\new folder\game-jam-2015\code\don'tfuckup\don'tfuckup\ddrclone.cpp(98): warning C4018: '<' : signed/unsigned mismatch
     1>c:\users\pren0029\desktop\new folder\game-jam-2015\code\don'tfuckup\don'tfuckup\ddrclone.cpp(114): warning C4018: '<' : signed/unsigned mismatch
     1>c:\users\pren0029\desktop\new folder\game-jam-2015\code\don'tfuckup\don'tfuckup\ddrclone.cpp(127): warning C4018: '<' : signed/unsigned mismatch
     1>c:\users\pren0029\desktop\new folder\game-jam-2015\code\don'tfuckup\don'tfuckup\ddrclone.cpp(135): warning C4018: '<' : signed/unsigned mismatch
     1>c:\users\pren0029\desktop\new folder\game-jam-2015\code\don'tfuckup\don'tfuckup\ddrclone.cpp(147): warning C4018: '<' : signed/unsigned mismatch
     1>c:\users\pren0029\desktop\new folder\game-jam-2015\code\don'tfuckup\don'tfuckup\ddrclone.cpp(158): warning C4018: '<' : signed/unsigned mismatch
     1>c:\users\pren0029\desktop\new folder\game-jam-2015\code\don'tfuckup\don'tfuckup\ddrclone.cpp(166): warning C4018: '<' : signed/unsigned mismatch
     1>c:\users\pren0029\desktop\new folder\game-jam-2015\code\don'tfuckup\don'tfuckup\ddrclone.cpp(174): warning C4018: '<' : signed/unsigned mismatch
     1>c:\users\pren0029\desktop\new folder\game-jam-2015\code\don'tfuckup\don'tfuckup\ddrclone.cpp(185): warning C4018: '<' : signed/unsigned mismatch
       Link:
         C:\Program Files (x86)\Microsoft Visual Studio 12.0\VC\bin\link.exe /ERRORREPORT:PROMPT /OUT:"C:\Users\pren0029\Desktop\New folder\Game-Jam-2015\Code\Don'tFuckUp\Debug\Don'tFuckUp.exe" /INCREMENTAL /NOLOGO "sfml-graphics-d.lib" "sfml-window-d.lib" "sfml-system-d.lib" kernel32.lib user32.lib gdi32.lib winspool.lib comdlg32.lib advapi32.lib shell32.lib ole32.lib oleaut32.lib uuid.lib odbc32.lib odbccp32.lib /MANIFEST /MANIFESTUAC:"level='asInvoker' uiAccess='false'" /manifest:embed /DEBUG /PDB:"C:\Users\pren0029\Desktop\New folder\Game-Jam-2015\Code\Don'tFuckUp\Debug\Don'tFuckUp.pdb" /TLBID:1 /DYNAMICBASE /NXCOMPAT /IMPLIB:"C:\Users\pren0029\Desktop\New folder\Game-Jam-2015\Code\Don'tFuckUp\Debug\Don'tFuckUp.lib" /MACHINE:X86 Debug\ActiveGameObject.obj
         Debug\ButtonObject.obj
         "Debug\Crazy Cooking Coordination.obj"
         Debug\DDRClone.obj
         Debug\DoorMinigame.obj
         "Debug\Game - Copy.obj"
         Debug\Game.obj
         Debug\GameObject.obj
         Debug\Main.obj
         Debug\Mash.obj
         Debug\MyVec2.obj
         Debug\Scene.obj
         Debug\SceneManager.obj
         Debug\StaticObject.obj
         Don'tFuckUp.vcxproj -> C:\Users\pren0029\Desktop\New folder\Game-Jam-2015\Code\Don'tFuckUp\Debug\Don'tFuckUp.exe
     1>Done Building Project "C:\Users\pren0029\Desktop\New folder\Game-Jam-2015\Code\Don'tFuckUp\Don'tFuckUp\Don'tFuckUp.vcxproj" (Build target(s)).

Build succeeded.

Time Elapsed 00:00:00.81
